Flutter crash report; please file at https://github.com/flutter/flutter/issues.

## command

flutter run --checked --debug-port=16183 --start-paused --device-id 00c887e085c82514

## exception

1

package:flutter_tools/src/flx.dart 194                            buildFlx.<async>
dart:async                                                        _SyncCompleter.complete
package:flutter_tools/src/flx.dart 246                            build.<async>
dart:async                                                        _SyncCompleter.complete
package:flutter_tools/src/base/process.dart 57                    runCommandAndStreamOutput.<async>
===== asynchronous gap ===========================
dart:async                                                        _Completer.completeError
package:flutter_tools/src/flx.dart 198                            buildFlx.<async>
dart:async                                                        _SyncCompleter.complete
package:flutter_tools/src/flx.dart 246                            build.<async>
dart:async                                                        _SyncCompleter.complete
package:flutter_tools/src/base/process.dart 57                    runCommandAndStreamOutput.<async>
===== asynchronous gap ===========================
dart:async                                                        _asyncThenWrapperHelper
package:flutter_tools/src/flx.dart                                buildFlx
package:flutter_tools/src/android/android_device.dart 287         AndroidDevice.startApp.<async>
===== asynchronous gap ===========================
dart:async                                                        Future.Future.microtask
package:flutter_tools/src/android/android_device.dart             AndroidDevice.startApp
package:flutter_tools/src/commands/run.dart 223                   startApp.<async>
===== asynchronous gap ===========================
dart:async                                                        _asyncThenWrapperHelper
package:flutter_tools/src/commands/run.dart                       startApp
package:flutter_tools/src/commands/run.dart 115                   RunCommand.runInProject.<async>
dart:async                                                        _SyncCompleter.complete
package:flutter_tools/src/runner/flutter_command.dart 67          FlutterCommand.downloadApplicationPackages.<async>
dart:async                                                        _SyncCompleter.complete
package:flutter_tools/src/application_package.dart 141            ApplicationPackageStore.forConfigs.<async>
===== asynchronous gap ===========================
dart:async                                                        _asyncThenWrapperHelper
package:flutter_tools/src/commands/run.dart                       RunCommand.runInProject
package:flutter_tools/src/runner/flutter_command.dart 129         FlutterCommand._run.<async>
dart:async                                                        _SyncCompleter.complete
package:flutter_tools/src/dart/pub.dart 46                        pubGet.<async>
===== asynchronous gap ===========================
dart:async                                                        _asyncThenWrapperHelper
package:flutter_tools/src/runner/flutter_command.dart             FlutterCommand._run
package:flutter_tools/src/runner/flutter_command.dart 73          FlutterCommand.run
package:flutter_tools/src/commands/run.dart 92                    RunCommand.run.<async>
dart:async                                                        _SyncCompleter.complete
package:flutter_tools/src/dart/pub.dart 46                        pubGet.<async>
===== asynchronous gap ===========================
dart:async                                                        _asyncThenWrapperHelper
package:flutter_tools/src/commands/run.dart                       RunCommand.run
package:args/command_runner.dart 176                              CommandRunner.runCommand.<fn>
dart:async                                                        Future.Future.sync
package:args/command_runner.dart 129                              CommandRunner.runCommand
package:flutter_tools/src/runner/flutter_command_runner.dart 209  FlutterCommandRunner.runCommand
package:args/command_runner.dart 103                              CommandRunner.run.<fn>
dart:async                                                        Future.Future.sync
package:args/command_runner.dart 103                              CommandRunner.run
package:flutter_tools/src/runner/flutter_command_runner.dart 170  FlutterCommandRunner.run
package:flutter_tools/executable.dart 81                          main.<async>.<fn>.<async>
===== asynchronous gap ===========================
package:stack_trace                                               Chain.capture
package:flutter_tools/executable.dart 75                          main.<async>

## flutter doctor

[✓] Flutter (on Mac OS, channel alpha)
    • Flutter at /Users/kyorohiro/tools/git/flutter
    • Framework revision d5deea4 (23 hours ago), engine revision ce3b454

[✓] Android toolchain - develop for Android devices (Android SDK 23.0.2)
    • Android SDK at /usr/local/opt/android-sdk
    • Platform android-23, build-tools 23.0.2
    • Java(TM) SE Runtime Environment (build 1.8.0_74-b02)

[✓] iOS toolchain - develop for iOS devices (Xcode 7.2.1)
    • XCode at /Applications/Xcode.app/Contents/Developer
    • Xcode 7.2.1, Build version 7C1002

[✓] Atom - a lightweight development environment for Flutter
    • Atom installed; Flutter plugin version 0.2.1

